 -> welcome -> jonesalexisb@yiaap.com -> 2021-02-28 00:06:09
 -> account_email_verification -> jonesalexisb@yiaap.com -> 2021-02-28 00:06:09
 -> backend_notification_signup -> admin@yiaap.com -> 2021-02-28 00:06:09
 -> backend_notification_signup -> admin@yiaap.com -> 2021-02-28 01:20:17
 -> account_email_verification -> dao.mazui@gmail.com -> 2021-02-28 01:20:17
 -> welcome -> dao.mazui@gmail.com -> 2021-02-28 01:20:17
 -> new_upload_be -> admin@yiaap.com -> 2021-02-28 01:32:20
 -> welcome -> user1@gmail.com -> 2021-02-28 10:56:02
 -> account_email_verification -> user1@gmail.com -> 2021-02-28 10:56:07
 -> backend_notification_signup -> admin@yiaap.com -> 2021-02-28 10:56:07
 -> backend_notification_signup -> admin@yiaap.com -> 2021-02-28 11:02:07
 -> account_email_verification -> user2@gmail.com -> 2021-02-28 11:02:10
 -> welcome -> user2@gmail.com -> 2021-02-28 11:02:10
 -> welcome -> creator@gmail.com -> 2021-02-28 11:03:21
 -> backend_notification_signup -> admin@yiaap.com -> 2021-02-28 11:03:21
 -> account_email_verification -> creator@gmail.com -> 2021-02-28 11:03:21
 -> backend_notification_signup -> admin@yiaap.com -> 2021-02-28 11:16:12
 -> welcome -> user@gmail.com -> 2021-02-28 11:16:13
 -> account_email_verification -> user@gmail.com -> 2021-02-28 11:16:13
 -> backend_notification_signup -> admin@yiaap.com -> 2021-02-28 11:17:25
 -> welcome -> creator@gmail.com -> 2021-02-28 11:17:26
 -> account_email_verification -> creator@gmail.com -> 2021-02-28 11:17:26
 -> backend_notification_signup -> admin@yiaap.com -> 2021-02-28 11:18:15
 -> welcome -> business@gmail.com -> 2021-02-28 11:18:15
 -> account_email_verification -> business@gmail.com -> 2021-02-28 11:18:15
 -> new_upload_be -> admin@yiaap.com -> 2021-02-28 13:55:19
 -> welcome -> isaacmula@yiaap.com -> 2021-02-28 21:47:12
 -> backend_notification_signup -> admin@yiaap.com -> 2021-02-28 21:47:12
 -> account_email_verification -> isaacmula@yiaap.com -> 2021-02-28 21:47:12
isaacm -> account_email_verification -> isaacmula@yiaap.com -> 2021-02-28 21:48:49
 -> backend_notification_signup -> admin@yiaap.com -> 2021-02-28 21:51:33
 -> account_email_verification -> jones.alexisb@gmail.com -> 2021-02-28 21:51:33
 -> welcome -> jones.alexisb@gmail.com -> 2021-02-28 21:51:33
 -> new_upload_be -> admin@yiaap.com -> 2021-02-28 22:04:27
 -> new_upload_be -> admin@yiaap.com -> 2021-02-28 22:08:13
 -> new_upload_be -> admin@yiaap.com -> 2021-02-28 22:13:15
 -> new_upload_be -> admin@yiaap.com -> 2021-02-28 22:32:34
 -> new_upload_be -> admin@yiaap.com -> 2021-02-28 23:02:20
daomazui -> file_comment -> jones.alexisb@gmail.com -> 2021-02-28 23:10:47
daomazui -> follow -> jones.alexisb@gmail.com -> 2021-02-28 23:22:31
