 -> backend_notification_signup -> your-account@gmail.com -> 2021-02-07 12:40:06
 -> welcome -> isaac.mulamba@gmail.com -> 2021-02-07 12:44:21
 -> backend_notification_signup -> your-account@gmail.com -> 2021-02-07 12:44:21
 -> account_email_verification -> isaac.mulamba@gmail.com -> 2021-02-07 12:44:21
Lambertis -> account_email_verification -> isaac.mulamba@gmail.com -> 2021-02-07 13:37:12
Lambertis -> account_email_verification -> isaac.mulamba@gmail.com -> 2021-02-07 13:38:15
 -> new_upload_be -> your-account@gmail.com -> 2021-02-07 13:40:48
 -> new_upload_be -> your-account@gmail.com -> 2021-02-07 13:44:31
 -> new_upload_be -> your-account@gmail.com -> 2021-02-07 13:47:52
 -> new_upload_be -> your-account@gmail.com -> 2021-02-07 13:59:27
 -> new_upload_be -> your-account@gmail.com -> 2021-02-07 14:07:17
 -> new_upload_be -> your-account@gmail.com -> 2021-02-07 14:08:33
 -> new_upload_be -> your-account@gmail.com -> 2021-02-07 14:09:42
 -> new_upload_be -> your-account@gmail.com -> 2021-02-07 14:12:56
 -> new_upload_be -> your-account@gmail.com -> 2021-02-07 14:14:38
 -> new_upload_be -> your-account@gmail.com -> 2021-02-07 14:16:09
 -> new_upload_be -> your-account@gmail.com -> 2021-02-07 14:33:48
Lambertis -> account_email_verification -> isaac.mulamba@gmail.com -> 2021-02-07 15:04:04
Lambertis -> account_email_verification -> isaac.mulamba@gmail.com -> 2021-02-07 15:05:44
Lambertis -> account_email_verification -> isaac.mulamba@gmail.com -> 2021-02-07 15:18:24
