 -> welcome -> pashaprivedenyuk1999glen@gmail.com -> 2021-02-09 04:02:08
 -> backend_notification_signup -> admin@yiaap.com -> 2021-02-09 04:02:08
 -> backend_notification_signup -> admin@yiaap.com -> 2021-02-09 21:58:39
 -> welcome -> kerneldev828@gmail.com -> 2021-02-09 21:58:39
 -> backend_notification_signup -> admin@yiaap.com -> 2021-02-09 22:07:12
 -> welcome -> slark0828@gmail.com -> 2021-02-09 22:07:12
 -> backend_notification_signup -> admin@yiaap.com -> 2021-02-09 22:09:51
 -> welcome -> slark0828@outlook.com -> 2021-02-09 22:09:52
 -> welcome -> blackcto0828@gmail.com -> 2021-02-09 22:17:21
 -> backend_notification_signup -> admin@yiaap.com -> 2021-02-09 22:17:21
 -> backend_notification_signup -> admin@yiaap.com -> 2021-02-09 22:20:38
 -> welcome -> blackvcto0828@gmail.com -> 2021-02-09 22:20:38
 -> welcome -> mrsmetaninfree@gmail.com -> 2021-02-09 22:23:05
 -> backend_notification_signup -> admin@yiaap.com -> 2021-02-09 22:23:05
 -> private_email -> mrsmetaninfree@gmail.com -> 2021-02-09 22:28:22
 -> welcome -> bluesky19930527@outlook.com -> 2021-02-09 22:34:26
 -> backend_notification_signup -> admin@yiaap.com -> 2021-02-09 22:34:26
 -> welcome -> bluesky19930527@outlook.com -> 2021-02-09 23:23:19
 -> backend_notification_signup -> admin@yiaap.com -> 2021-02-09 23:23:19
 -> welcome -> slark0828@outlook.com -> 2021-02-09 23:24:26
 -> backend_notification_signup -> admin@yiaap.com -> 2021-02-09 23:24:26
 -> private_email -> slark0828@outlook.com -> 2021-02-09 23:25:44
 -> private_email -> slark0828@outlook.com -> 2021-02-09 23:32:21
 -> private_email -> slark0828@outlook.com -> 2021-02-09 23:34:40
 -> private_email -> slark0828@outlook.com -> 2021-02-09 23:39:08
 -> private_email -> slark0828@outlook.com -> 2021-02-09 23:39:31
 -> private_email -> slark0828@outlook.com -> 2021-02-09 23:40:56
 -> private_email -> slark0828@outlook.com -> 2021-02-09 23:41:56
 -> backend_notification_signup -> admin@yiaap.com -> 2021-02-09 23:42:39
 -> welcome -> slark0828@gmail.com -> 2021-02-09 23:42:40
 -> private_email -> slark0828@gmail.com -> 2021-02-09 23:44:41
 -> backend_notification_signup -> admin@yiaap.com -> 2021-02-09 23:45:36
 -> welcome -> blackcto0828@gmail.com -> 2021-02-09 23:45:36
 -> private_email -> blackcto0828@gmail.com -> 2021-02-09 23:51:04
 -> private_email -> blackcto0828@gmail.com -> 2021-02-09 23:52:49
 -> backend_notification_signup -> admin@yiaap.com -> 2021-02-09 23:54:00
 -> welcome -> blackvcto0828@gmail.com -> 2021-02-09 23:54:00
